<?xml version="1.0" encoding="UTF-8"?>
<!-- Generated by org.testng.reporters.JUnitXMLReporter -->
<testsuite hostname="DESKTOP-EM3OVKO" ignored="10" name="Test" tests="6" failures="0" timestamp="19 Aug 2022 09:53:46 GMT" time="658.003" errors="0">
  <testcase name="@BeforeMethod configBM" time="41.745" classname="com.TechMax.utility.BaseClass">
    <failure type="org.openqa.selenium.NoAlertPresentException" message="no such alert
  (Session info: chrome=104.0.5112.81)
Build info: version: &amp;apos;3.141.59&amp;apos;, revision: &amp;apos;e82be7d358&amp;apos;, time: &amp;apos;2018-11-14T08:17:03&amp;apos;
System info: host: &amp;apos;DESKTOP-EM3OVKO&amp;apos;, ip: &amp;apos;192.168.0.119&amp;apos;, os.name: &amp;apos;Windows 10&amp;apos;, os.arch: &amp;apos;amd64&amp;apos;, os.version: &amp;apos;10.0&amp;apos;, java.version: &amp;apos;1.8.0_202&amp;apos;
Driver info: org.openqa.selenium.chrome.ChromeDriver
Capabilities {acceptInsecureCerts: false, browserName: chrome, browserVersion: 104.0.5112.81, chrome: {chromedriverVersion: 104.0.5112.20 (9ac43f954ebb..., userDataDir: C:\Users\Umamani\AppData\Lo...}, goog:chromeOptions: {debuggerAddress: localhost:52835}, javascriptEnabled: true, networkConnectionEnabled: false, pageLoadStrategy: normal, platform: WINDOWS, platformName: WINDOWS, proxy: Proxy(), setWindowRect: true, strictFileInteractability: false, timeouts: {implicit: 0, pageLoad: 300000, script: 30000}, unhandledPromptBehavior: dismiss and notify, webauthn:extension:credBlob: true, webauthn:extension:largeBlob: true, webauthn:virtualAuthenticators: true}
Session ID: 4ba37210c1eb5fa7dcf0cc29ee555fea">
      <![CDATA[org.openqa.selenium.NoAlertPresentException: no such alert
  (Session info: chrome=104.0.5112.81)
Build info: version: '3.141.59', revision: 'e82be7d358', time: '2018-11-14T08:17:03'
System info: host: 'DESKTOP-EM3OVKO', ip: '192.168.0.119', os.name: 'Windows 10', os.arch: 'amd64', os.version: '10.0', java.version: '1.8.0_202'
Driver info: org.openqa.selenium.chrome.ChromeDriver
Capabilities {acceptInsecureCerts: false, browserName: chrome, browserVersion: 104.0.5112.81, chrome: {chromedriverVersion: 104.0.5112.20 (9ac43f954ebb..., userDataDir: C:\Users\Umamani\AppData\Lo...}, goog:chromeOptions: {debuggerAddress: localhost:52835}, javascriptEnabled: true, networkConnectionEnabled: false, pageLoadStrategy: normal, platform: WINDOWS, platformName: WINDOWS, proxy: Proxy(), setWindowRect: true, strictFileInteractability: false, timeouts: {implicit: 0, pageLoad: 300000, script: 30000}, unhandledPromptBehavior: dismiss and notify, webauthn:extension:credBlob: true, webauthn:extension:largeBlob: true, webauthn:virtualAuthenticators: true}
Session ID: 4ba37210c1eb5fa7dcf0cc29ee555fea
at org.openqa.selenium.remote.http.W3CHttpResponseCodec.createException(W3CHttpResponseCodec.java:187)
at org.openqa.selenium.remote.http.W3CHttpResponseCodec.decode(W3CHttpResponseCodec.java:122)
at org.openqa.selenium.remote.http.W3CHttpResponseCodec.decode(W3CHttpResponseCodec.java:49)
at org.openqa.selenium.remote.HttpCommandExecutor.execute(HttpCommandExecutor.java:158)
at org.openqa.selenium.remote.service.DriverCommandExecutor.execute(DriverCommandExecutor.java:83)
at org.openqa.selenium.remote.RemoteWebDriver.execute(RemoteWebDriver.java:552)
at org.openqa.selenium.remote.RemoteWebDriver.execute(RemoteWebDriver.java:609)
at org.openqa.selenium.remote.RemoteWebDriver$RemoteTargetLocator.alert(RemoteWebDriver.java:932)
at com.TechMax.utility.WebDriverUtility.swithToAlertWindowAndAccpect(WebDriverUtility.java:86)
at com.TechMax.Pomrepositorylib.LoginPage.loginToApplication(LoginPage.java:74)
at com.TechMax.utility.BaseClass.configBM(BaseClass.java:59)
... Removed 32 stack frames]]>
    </failure>
  </testcase> <!-- @BeforeMethod configBM -->
  <testcase name="@AfterMethod configAM" time="0.0" classname="com.TechMax.utility.BaseClass">
    <skipped/>
  </testcase> <!-- @AfterMethod configAM -->
  <testcase name="@AfterClass configAC" time="0.0" classname="com.TechMax.utility.BaseClass">
    <skipped/>
  </testcase> <!-- @AfterClass configAC -->
  <testcase name="AddSupplierAddProductLoginAsEmployeeGenrateBillInPOSforProductTest" time="322.574" classname="com.Techmax.Transaction.AddSupplierAddProductLoginAsEmployeeGenrateBillInPOSforProduct"/>
  <testcase name="Purchase_a_product_and_Add_Updated_customer_and_verify_transaction_details_test" time="87.789" classname="com.Techmax.POS.Purchase_a_product_and_Add_Updated_customer_and_verify_transaction_details"/>
  <testcase name="CreateNewProductVerifyTheProductCountInHomePage_test" time="24.198" classname="com.Techmax.Home.CreateNewProductVerifyTheProductCountInHomePage"/>
  <testcase name="sale_a_product_check_the_transaction_details_test" time="62.363" classname="com.Techmax.POS.sale_a_product_check_the_transaction_details"/>
  <testcase name="VerifySupplierNameInAddProduct_test" time="17.339" classname="com.Techmax.Inventory.VerifySupplierNameInAddProduct"/>
  <testcase name="AddProductLoginAsEmployeeGenrateBillInPOSforProductTest" time="0.0" classname="com.Techmax.Transaction.AddProductLoginAsEmployeeGenrateBillInPOSforProduct">
    <skipped/>
  </testcase> <!-- AddProductLoginAsEmployeeGenrateBillInPOSforProductTest -->
  <testcase name="@BeforeSuite configBS" time="0.0" classname="com.TechMax.utility.BaseClass">
    <ignored/>
  </testcase> <!-- @BeforeSuite configBS -->
  <testcase name="@BeforeSuite configBS" time="0.0" classname="com.TechMax.utility.BaseClass">
    <ignored/>
  </testcase> <!-- @BeforeSuite configBS -->
  <testcase name="@BeforeSuite configBS" time="0.0" classname="com.TechMax.utility.BaseClass">
    <ignored/>
  </testcase> <!-- @BeforeSuite configBS -->
  <testcase name="@BeforeSuite configBS" time="0.0" classname="com.TechMax.utility.BaseClass">
    <ignored/>
  </testcase> <!-- @BeforeSuite configBS -->
  <testcase name="@BeforeSuite configBS" time="0.0" classname="com.TechMax.utility.BaseClass">
    <ignored/>
  </testcase> <!-- @BeforeSuite configBS -->
  <testcase name="@AfterSuite configAS" time="0.0" classname="com.TechMax.utility.BaseClass">
    <ignored/>
  </testcase> <!-- @AfterSuite configAS -->
  <testcase name="@AfterSuite configAS" time="0.0" classname="com.TechMax.utility.BaseClass">
    <ignored/>
  </testcase> <!-- @AfterSuite configAS -->
  <testcase name="@AfterSuite configAS" time="0.0" classname="com.TechMax.utility.BaseClass">
    <ignored/>
  </testcase> <!-- @AfterSuite configAS -->
  <testcase name="@AfterSuite configAS" time="0.0" classname="com.TechMax.utility.BaseClass">
    <ignored/>
  </testcase> <!-- @AfterSuite configAS -->
  <testcase name="@AfterSuite configAS" time="0.0" classname="com.TechMax.utility.BaseClass">
    <ignored/>
  </testcase> <!-- @AfterSuite configAS -->
</testsuite> <!-- Test -->
