<?xml version="1.0" encoding="UTF-8"?>
<!-- Generated by org.testng.reporters.JUnitXMLReporter -->
<testsuite ignored="10" hostname="DESKTOP-6H62P03" failures="0" tests="6" name="Test" time="2.166" errors="0" timestamp="2022-08-22T18:03:34 IST">
  <testcase classname="com.sales.techmax.genericUtility.BaseClass" name="@BeforeClass configBC" time="1.444">
    <failure type="java.lang.AbstractMethodError" message="Receiver class org.openqa.selenium.chrome.ChromeDriverService$Builder does not define or inherit an implementation of the resolved method &amp;apos;abstract java.util.List createArgs()&amp;apos; of abstract class org.openqa.selenium.remote.service.DriverService$Builder.">
      <![CDATA[java.lang.AbstractMethodError: Receiver class org.openqa.selenium.chrome.ChromeDriverService$Builder does not define or inherit an implementation of the resolved method 'abstract java.util.List createArgs()' of abstract class org.openqa.selenium.remote.service.DriverService$Builder.
at org.openqa.selenium.remote.service.DriverService$Builder.build(DriverService.java:441)
at org.openqa.selenium.chrome.ChromeDriverService.createDefaultService(ChromeDriverService.java:94)
at org.openqa.selenium.chrome.ChromeDriver.<init>(ChromeDriver.java:123)
at com.sales.techmax.genericUtility.BaseClass.configBC(BaseClass.java:42)
at java.base/java.util.ArrayList.forEach(ArrayList.java:1511)
... Removed 25 stack frames]]>
    </failure>
  </testcase> <!-- @BeforeClass configBC -->
  <testcase classname="com.sales.techmax.genericUtility.BaseClass" name="@BeforeMethod configBM" time="-1.661171613996E9">
    <skipped/>
  </testcase> <!-- @BeforeMethod configBM -->
  <testcase classname="com.sales.techmax.genericUtility.BaseClass" name="@AfterMethod configAM" time="-1.661171614015E9">
    <skipped/>
  </testcase> <!-- @AfterMethod configAM -->
  <testcase classname="com.sales.techmax.genericUtility.BaseClass" name="@AfterClass configAC" time="-1.661171614029E9">
    <skipped/>
  </testcase> <!-- @AfterClass configAC -->
  <testcase classname="com.sales.techmax.genericUtility.BaseClass" name="@BeforeClass configBC" time="0.072">
    <failure type="java.lang.AbstractMethodError" message="Receiver class org.openqa.selenium.chrome.ChromeDriverService$Builder does not define or inherit an implementation of the resolved method &amp;apos;abstract java.util.List createArgs()&amp;apos; of abstract class org.openqa.selenium.remote.service.DriverService$Builder.">
      <![CDATA[java.lang.AbstractMethodError: Receiver class org.openqa.selenium.chrome.ChromeDriverService$Builder does not define or inherit an implementation of the resolved method 'abstract java.util.List createArgs()' of abstract class org.openqa.selenium.remote.service.DriverService$Builder.
at org.openqa.selenium.remote.service.DriverService$Builder.build(DriverService.java:441)
at org.openqa.selenium.chrome.ChromeDriverService.createDefaultService(ChromeDriverService.java:94)
at org.openqa.selenium.chrome.ChromeDriver.<init>(ChromeDriver.java:123)
at com.sales.techmax.genericUtility.BaseClass.configBC(BaseClass.java:42)
at java.base/java.util.ArrayList.forEach(ArrayList.java:1511)
... Removed 25 stack frames]]>
    </failure>
  </testcase> <!-- @BeforeClass configBC -->
  <testcase classname="com.sales.techmax.genericUtility.BaseClass" name="@BeforeMethod configBM" time="-1.661171614117E9">
    <skipped/>
  </testcase> <!-- @BeforeMethod configBM -->
  <testcase classname="com.sales.techmax.genericUtility.BaseClass" name="@AfterMethod configAM" time="-1.661171614141E9">
    <skipped/>
  </testcase> <!-- @AfterMethod configAM -->
  <testcase classname="com.sales.techmax.genericUtility.BaseClass" name="@AfterClass configAC" time="-1.661171614149E9">
    <skipped/>
  </testcase> <!-- @AfterClass configAC -->
  <testcase classname="com.sales.techmax.genericUtility.BaseClass" name="@BeforeClass configBC" time="0.071">
    <failure type="java.lang.AbstractMethodError" message="Receiver class org.openqa.selenium.chrome.ChromeDriverService$Builder does not define or inherit an implementation of the resolved method &amp;apos;abstract java.util.List createArgs()&amp;apos; of abstract class org.openqa.selenium.remote.service.DriverService$Builder.">
      <![CDATA[java.lang.AbstractMethodError: Receiver class org.openqa.selenium.chrome.ChromeDriverService$Builder does not define or inherit an implementation of the resolved method 'abstract java.util.List createArgs()' of abstract class org.openqa.selenium.remote.service.DriverService$Builder.
at org.openqa.selenium.remote.service.DriverService$Builder.build(DriverService.java:441)
at org.openqa.selenium.chrome.ChromeDriverService.createDefaultService(ChromeDriverService.java:94)
at org.openqa.selenium.chrome.ChromeDriver.<init>(ChromeDriver.java:123)
at com.sales.techmax.genericUtility.BaseClass.configBC(BaseClass.java:42)
at java.base/java.util.ArrayList.forEach(ArrayList.java:1511)
... Removed 25 stack frames]]>
    </failure>
  </testcase> <!-- @BeforeClass configBC -->
  <testcase classname="com.sales.techmax.genericUtility.BaseClass" name="@BeforeMethod configBM" time="-1.661171614235E9">
    <skipped/>
  </testcase> <!-- @BeforeMethod configBM -->
  <testcase classname="com.sales.techmax.genericUtility.BaseClass" name="@AfterMethod configAM" time="-1.661171614267E9">
    <skipped/>
  </testcase> <!-- @AfterMethod configAM -->
  <testcase classname="com.sales.techmax.genericUtility.BaseClass" name="@AfterClass configAC" time="-1.66117161427E9">
    <skipped/>
  </testcase> <!-- @AfterClass configAC -->
  <testcase classname="com.sales.techmax.genericUtility.BaseClass" name="@BeforeClass configBC" time="0.073">
    <failure type="java.lang.AbstractMethodError" message="Receiver class org.openqa.selenium.chrome.ChromeDriverService$Builder does not define or inherit an implementation of the resolved method &amp;apos;abstract java.util.List createArgs()&amp;apos; of abstract class org.openqa.selenium.remote.service.DriverService$Builder.">
      <![CDATA[java.lang.AbstractMethodError: Receiver class org.openqa.selenium.chrome.ChromeDriverService$Builder does not define or inherit an implementation of the resolved method 'abstract java.util.List createArgs()' of abstract class org.openqa.selenium.remote.service.DriverService$Builder.
at org.openqa.selenium.remote.service.DriverService$Builder.build(DriverService.java:441)
at org.openqa.selenium.chrome.ChromeDriverService.createDefaultService(ChromeDriverService.java:94)
at org.openqa.selenium.chrome.ChromeDriver.<init>(ChromeDriver.java:123)
at com.sales.techmax.genericUtility.BaseClass.configBC(BaseClass.java:42)
at java.base/java.util.ArrayList.forEach(ArrayList.java:1511)
... Removed 25 stack frames]]>
    </failure>
  </testcase> <!-- @BeforeClass configBC -->
  <testcase classname="com.sales.techmax.genericUtility.BaseClass" name="@BeforeMethod configBM" time="-1.661171614356E9">
    <skipped/>
  </testcase> <!-- @BeforeMethod configBM -->
  <testcase classname="com.sales.techmax.genericUtility.BaseClass" name="@AfterMethod configAM" time="-1.661171614381E9">
    <skipped/>
  </testcase> <!-- @AfterMethod configAM -->
  <testcase classname="com.sales.techmax.genericUtility.BaseClass" name="@AfterClass configAC" time="-1.661171614383E9">
    <skipped/>
  </testcase> <!-- @AfterClass configAC -->
  <testcase classname="com.sales.techmax.genericUtility.BaseClass" name="@BeforeClass configBC" time="0.084">
    <failure type="java.lang.AbstractMethodError" message="Receiver class org.openqa.selenium.chrome.ChromeDriverService$Builder does not define or inherit an implementation of the resolved method &amp;apos;abstract java.util.List createArgs()&amp;apos; of abstract class org.openqa.selenium.remote.service.DriverService$Builder.">
      <![CDATA[java.lang.AbstractMethodError: Receiver class org.openqa.selenium.chrome.ChromeDriverService$Builder does not define or inherit an implementation of the resolved method 'abstract java.util.List createArgs()' of abstract class org.openqa.selenium.remote.service.DriverService$Builder.
at org.openqa.selenium.remote.service.DriverService$Builder.build(DriverService.java:441)
at org.openqa.selenium.chrome.ChromeDriverService.createDefaultService(ChromeDriverService.java:94)
at org.openqa.selenium.chrome.ChromeDriver.<init>(ChromeDriver.java:123)
at com.sales.techmax.genericUtility.BaseClass.configBC(BaseClass.java:42)
at java.base/java.util.ArrayList.forEach(ArrayList.java:1511)
... Removed 25 stack frames]]>
    </failure>
  </testcase> <!-- @BeforeClass configBC -->
  <testcase classname="com.sales.techmax.genericUtility.BaseClass" name="@BeforeMethod configBM" time="-1.661171614482E9">
    <skipped/>
  </testcase> <!-- @BeforeMethod configBM -->
  <testcase classname="com.sales.techmax.genericUtility.BaseClass" name="@AfterMethod configAM" time="-1.661171614507E9">
    <skipped/>
  </testcase> <!-- @AfterMethod configAM -->
  <testcase classname="com.sales.techmax.genericUtility.BaseClass" name="@AfterClass configAC" time="-1.661171614512E9">
    <skipped/>
  </testcase> <!-- @AfterClass configAC -->
  <testcase classname="com.sales.techmax.genericUtility.BaseClass" name="@BeforeClass configBC" time="0.066">
    <failure type="java.lang.AbstractMethodError" message="Receiver class org.openqa.selenium.chrome.ChromeDriverService$Builder does not define or inherit an implementation of the resolved method &amp;apos;abstract java.util.List createArgs()&amp;apos; of abstract class org.openqa.selenium.remote.service.DriverService$Builder.">
      <![CDATA[java.lang.AbstractMethodError: Receiver class org.openqa.selenium.chrome.ChromeDriverService$Builder does not define or inherit an implementation of the resolved method 'abstract java.util.List createArgs()' of abstract class org.openqa.selenium.remote.service.DriverService$Builder.
at org.openqa.selenium.remote.service.DriverService$Builder.build(DriverService.java:441)
at org.openqa.selenium.chrome.ChromeDriverService.createDefaultService(ChromeDriverService.java:94)
at org.openqa.selenium.chrome.ChromeDriver.<init>(ChromeDriver.java:123)
at com.sales.techmax.genericUtility.BaseClass.configBC(BaseClass.java:42)
at java.base/java.util.ArrayList.forEach(ArrayList.java:1511)
... Removed 25 stack frames]]>
    </failure>
  </testcase> <!-- @BeforeClass configBC -->
  <testcase classname="com.sales.techmax.genericUtility.BaseClass" name="@BeforeMethod configBM" time="-1.661171614586E9">
    <skipped/>
  </testcase> <!-- @BeforeMethod configBM -->
  <testcase classname="com.sales.techmax.genericUtility.BaseClass" name="@AfterMethod configAM" time="-1.661171614602E9">
    <skipped/>
  </testcase> <!-- @AfterMethod configAM -->
  <testcase classname="com.sales.techmax.genericUtility.BaseClass" name="@AfterClass configAC" time="-1.661171614609E9">
    <skipped/>
  </testcase> <!-- @AfterClass configAC -->
  <testcase classname="com.TechMAX.employee.CreateEmployeeWithMandatoryFieldstestng" name="CreateEmployeeWithMandatoryFieldsTest" time="0.0">
    <skipped/>
  </testcase> <!-- CreateEmployeeWithMandatoryFieldsTest -->
  <testcase classname="com.TechMAX.customer.Verify__Customer_Updation_and_Customer_details_testng" name="Verify__Customer_Updation_and_Customer_details_Test" time="0.0">
    <skipped/>
  </testcase> <!-- Verify__Customer_Updation_and_Customer_details_Test -->
  <testcase classname="com.TechMAX.home.CreateNewSupplierVerifyTheSupplierCountInHomePagetestng" name="CreateNewSupplierVerifyTheSupplierCountInHomePageTest" time="0.0">
    <skipped/>
  </testcase> <!-- CreateNewSupplierVerifyTheSupplierCountInHomePageTest -->
  <testcase classname="com.TechMAX.pos.Purchase_a_product_and_add_new_customer_and_verify_transaction_details_testng" name="Purchase_a_product_and_add_new_customer_and_verify_transaction_details_Test" time="0.0">
    <skipped/>
  </testcase> <!-- Purchase_a_product_and_add_new_customer_and_verify_transaction_details_Test -->
  <testcase classname="com.TechMAX.product.Create_product_in_product_page_testng" name="Create_product_in_product_page_Test" time="0.0">
    <skipped/>
  </testcase> <!-- Create_product_in_product_page_Test -->
  <testcase classname="com.TechMAX.supplier.CreateSuppliertestng" name="CreateSupplierTest" time="0.0">
    <skipped/>
  </testcase> <!-- CreateSupplierTest -->
  <testcase classname="com.sales.techmax.genericUtility.BaseClass" name="@BeforeSuite configBS" time="0.0">
    <ignored/>
  </testcase> <!-- @BeforeSuite configBS -->
  <testcase classname="com.sales.techmax.genericUtility.BaseClass" name="@BeforeSuite configBS" time="0.0">
    <ignored/>
  </testcase> <!-- @BeforeSuite configBS -->
  <testcase classname="com.sales.techmax.genericUtility.BaseClass" name="@BeforeSuite configBS" time="0.0">
    <ignored/>
  </testcase> <!-- @BeforeSuite configBS -->
  <testcase classname="com.sales.techmax.genericUtility.BaseClass" name="@BeforeSuite configBS" time="0.0">
    <ignored/>
  </testcase> <!-- @BeforeSuite configBS -->
  <testcase classname="com.sales.techmax.genericUtility.BaseClass" name="@BeforeSuite configBS" time="0.0">
    <ignored/>
  </testcase> <!-- @BeforeSuite configBS -->
  <testcase classname="com.sales.techmax.genericUtility.BaseClass" name="@AfterSuite configAS" time="0.0">
    <ignored/>
  </testcase> <!-- @AfterSuite configAS -->
  <testcase classname="com.sales.techmax.genericUtility.BaseClass" name="@AfterSuite configAS" time="0.0">
    <ignored/>
  </testcase> <!-- @AfterSuite configAS -->
  <testcase classname="com.sales.techmax.genericUtility.BaseClass" name="@AfterSuite configAS" time="0.0">
    <ignored/>
  </testcase> <!-- @AfterSuite configAS -->
  <testcase classname="com.sales.techmax.genericUtility.BaseClass" name="@AfterSuite configAS" time="0.0">
    <ignored/>
  </testcase> <!-- @AfterSuite configAS -->
  <testcase classname="com.sales.techmax.genericUtility.BaseClass" name="@AfterSuite configAS" time="0.0">
    <ignored/>
  </testcase> <!-- @AfterSuite configAS -->
</testsuite> <!-- Test -->
